info it worked if it ends with ok
verbose cli [ 'node', '/usr/local/bin/npm', 'install', '.' ]
info using npm@1.0.22
info using node@v0.4.10
verbose /usr/local/bin/node node symlink
verbose config file /Users/michael/.npmrc
verbose config file /usr/local/etc/npmrc
silly testEngine { name: 'botliga',
silly testEngine   version: '0.0.1',
silly testEngine   author: { name: 'naltatis' },
silly testEngine   repository: 
silly testEngine    { type: 'git',
silly testEngine      url: 'git://github.com/naltatis/botliga.git' },
silly testEngine   dependencies: 
silly testEngine    { jade: '>= 0.12.1',
silly testEngine      express: '>= 2.3.11',
silly testEngine      'express-namespace': '>= 0.0.3',
silly testEngine      vows: '>= 0.5.8',
silly testEngine      mongoose: '1.4.0',
silly testEngine      'express-mongoose': '>= 0.0.2',
silly testEngine      restler: '>= 0.2.1',
silly testEngine      underscore: '>= 1.1.6',
silly testEngine      'coffee-script': '>= 1.1.1',
silly testEngine      seq: '>= 0.3.2',
silly testEngine      'mongoose-auth': '>= 0.0.10',
silly testEngine      stylus: '>= 0.13.3',
silly testEngine      nib: '>= 0.0.8',
silly testEngine      'uuid-pure': '>= 1.0.10',
silly testEngine      'date-utils': '>= 1.2.0',
silly testEngine      narrow: '>= 0.0.1',
silly testEngine      at_scheduler: '0.1.0' },
silly testEngine   engines: { node: '0.4' },
silly testEngine   _npmJsonOpts: 
silly testEngine    { dev: true,
silly testEngine      file: '/Users/michael/Programmierung/botliga/package.json',
silly testEngine      wscript: false,
silly testEngine      contributors: false,
silly testEngine      serverjs: true },
silly testEngine   _id: 'botliga@0.0.1',
silly testEngine   scripts: { start: 'node server.js' },
silly testEngine   devDependencies: {},
silly testEngine   _engineSupported: true,
silly testEngine   _npmVersion: '1.0.22',
silly testEngine   _nodeVersion: 'v0.4.10',
silly testEngine   _defaultsLoaded: true }
verbose caching /Users/michael/Programmierung/botliga/package.json
verbose loadDefaults botliga@0.0.1
verbose where, deps [ '/Users/michael/Programmierung/botliga',
verbose where, deps   [ 'jade',
verbose where, deps     'express',
verbose where, deps     'express-namespace',
verbose where, deps     'vows',
verbose where, deps     'mongoose',
verbose where, deps     'express-mongoose',
verbose where, deps     'restler',
verbose where, deps     'underscore',
verbose where, deps     'coffee-script',
verbose where, deps     'seq',
verbose where, deps     'mongoose-auth',
verbose where, deps     'stylus',
verbose where, deps     'nib',
verbose where, deps     'uuid-pure',
verbose where, deps     'date-utils',
verbose where, deps     'narrow',
verbose where, deps     'at_scheduler' ] ]
verbose from cache /Users/michael/Programmierung/botliga/package.json
info preinstall botliga@0.0.1
silly testEngine { name: 'coffee-script',
silly testEngine   description: 'Unfancy JavaScript',
silly testEngine   keywords: [ 'javascript', 'language', 'coffeescript', 'compiler' ],
silly testEngine   author: { name: 'Jeremy Ashkenas' },
silly testEngine   version: '1.1.1',
silly testEngine   licenses: 
silly testEngine    [ { type: 'MIT',
silly testEngine        url: 'http://github.com/jashkenas/coffee-script/raw/master/LICENSE' } ],
silly testEngine   engines: { node: '>=0.2.5' },
silly testEngine   directories: { lib: './lib' },
silly testEngine   main: './lib/coffee-script',
silly testEngine   bin: { coffee: './bin/coffee', cake: './bin/cake' },
silly testEngine   homepage: 'http://coffeescript.org',
silly testEngine   repository: 
silly testEngine    { type: 'git',
silly testEngine      url: 'git://github.com/jashkenas/coffee-script.git' },
silly testEngine   _npmJsonOpts: 
silly testEngine    { file: '/Users/michael/Programmierung/botliga/node_modules/coffee-script/package.json',
silly testEngine      wscript: false,
silly testEngine      contributors: false,
silly testEngine      serverjs: false },
silly testEngine   _id: 'coffee-script@1.1.1',
silly testEngine   dependencies: {},
silly testEngine   devDependencies: {},
silly testEngine   _engineSupported: true,
silly testEngine   _npmVersion: '1.0.22',
silly testEngine   _nodeVersion: 'v0.4.10',
silly testEngine   _defaultsLoaded: true }
verbose caching /Users/michael/Programmierung/botliga/node_modules/coffee-script/package.json
verbose loadDefaults coffee-script@1.1.1
silly testEngine { name: 'date-utils',
silly testEngine   description: 'Date add-ons for Node.js',
silly testEngine   version: '1.2.0',
silly testEngine   keywords: [ 'date', 'utils', 'date-utils', 'time' ],
silly testEngine   author: 
silly testEngine    { name: 'Jerry Sievert',
silly testEngine      email: 'code@legitimatesounding.com',
silly testEngine      url: 'http://legitimatesounding.com/blog/' },
silly testEngine   homepage: 'http://github.com/JerrySievert/node-date-utils/',
silly testEngine   contributors: 
silly testEngine    [ { name: 'Jerry Sievert',
silly testEngine        url: 'http://legitimatesounding.com' },
silly testEngine      { name: 'Augusto Rodrigues de Souza',
silly testEngine        url: 'http://www.menkimobile.com.br' },
silly testEngine      { name: 'Sundarram P.V' } ],
silly testEngine   license: [ 'MIT' ],
silly testEngine   repository: 
silly testEngine    { type: 'git',
silly testEngine      url: 'git://github.com/JerrySievert/node-date-utils.git' },
silly testEngine   bugs: { url: 'http://github.com/JerrySievert/node-date-utils/issues' },
silly testEngine   directories: { lib: './lib', test: './test' },
silly testEngine   dependencies: { vows: '>0.4.0' },
silly testEngine   engines: { node: '>0.4.0' },
silly testEngine   main: './lib/date-utils',
silly testEngine   _npmJsonOpts: 
silly testEngine    { file: '/Users/michael/Programmierung/botliga/node_modules/date-utils/package.json',
silly testEngine      wscript: false,
silly testEngine      contributors: false,
silly testEngine      serverjs: false },
silly testEngine   _id: 'date-utils@1.2.0',
silly testEngine   devDependencies: {},
silly testEngine   _engineSupported: true,
silly testEngine   _npmVersion: '1.0.22',
silly testEngine   _nodeVersion: 'v0.4.10',
silly testEngine   _defaultsLoaded: true }
verbose caching /Users/michael/Programmierung/botliga/node_modules/date-utils/package.json
verbose loadDefaults date-utils@1.2.0
silly testEngine { name: 'express',
silly testEngine   description: 'Sinatra inspired web development framework',
silly testEngine   version: '2.3.12',
silly testEngine   author: 
silly testEngine    { name: 'TJ Holowaychuk',
silly testEngine      email: 'tj@vision-media.ca' },
silly testEngine   contributors: 
silly testEngine    [ { name: 'TJ Holowaychuk',
silly testEngine        email: 'tj@vision-media.ca' },
silly testEngine      { name: 'Aaron Heckmann',
silly testEngine        email: 'aaron.heckmann+github@gmail.com' },
silly testEngine      { name: 'Ciaran Jessup', email: 'ciaranj@gmail.com' },
silly testEngine      { name: 'Guillermo Rauch', email: 'rauchg@gmail.com' } ],
silly testEngine   dependencies: 
silly testEngine    { connect: '>= 1.5.1 < 2.0.0',
silly testEngine      mime: '>= 0.0.1',
silly testEngine      qs: '>= 0.0.6' },
silly testEngine   devDependencies: 
silly testEngine    { 'connect-form': '0.2.1',
silly testEngine      ejs: '0.4.2',
silly testEngine      expresso: '0.7.2',
silly testEngine      hamljs: '0.5.1',
silly testEngine      jade: '0.11.0',
silly testEngine      stylus: '0.13.0',
silly testEngine      should: '0.2.1',
silly testEngine      'express-messages': '0.0.2',
silly testEngine      'node-markdown': '>= 0.0.1',
silly testEngine      'connect-redis': '>= 0.0.1' },
silly testEngine   keywords: [ 'framework', 'sinatra', 'web', 'rest', 'restful' ],
silly testEngine   repository: 
silly testEngine    { type: 'git',
silly testEngine      url: 'git://github.com/visionmedia/express.git' },
silly testEngine   main: 'index',
silly testEngine   bin: { express: './bin/express' },
silly testEngine   scripts: { test: 'make test', prepublish: 'npm prune' },
silly testEngine   engines: { node: '>= 0.4.1 < 0.5.0' },
silly testEngine   _npmJsonOpts: 
silly testEngine    { file: '/Users/michael/Programmierung/botliga/node_modules/express/package.json',
silly testEngine      wscript: false,
silly testEngine      contributors: false,
silly testEngine      serverjs: false },
silly testEngine   _id: 'express@2.3.12',
silly testEngine   _engineSupported: true,
silly testEngine   _npmVersion: '1.0.22',
silly testEngine   _nodeVersion: 'v0.4.10',
silly testEngine   _defaultsLoaded: true }
verbose caching /Users/michael/Programmierung/botliga/node_modules/express/package.json
verbose loadDefaults express@2.3.12
silly testEngine { name: 'express-mongoose',
silly testEngine   description: 'Adds Mongoose Promise/Query support to Express rendering.',
silly testEngine   version: '0.0.2',
silly testEngine   author: 
silly testEngine    { name: 'Aaron Heckmann',
silly testEngine      email: 'aaron@learnboost.com' },
silly testEngine   keywords: 
silly testEngine    [ 'express',
silly testEngine      'mongoose',
silly testEngine      'mongo',
silly testEngine      'render',
silly testEngine      'promise',
silly testEngine      'query' ],
silly testEngine   homepage: 'https://github.com/learnboost/express-mongoose',
silly testEngine   dependencies: { mongoose: '>= 1.0.0', express: '>= 2.0.0' },
silly testEngine   main: 'index',
silly testEngine   engines: { node: '>= 0.2.0' },
silly testEngine   repository: 
silly testEngine    { type: 'git',
silly testEngine      url: 'git://github.com/LearnBoost/express-mongoose.git' },
silly testEngine   _npmJsonOpts: 
silly testEngine    { file: '/Users/michael/Programmierung/botliga/node_modules/express-mongoose/package.json',
silly testEngine      wscript: false,
silly testEngine      contributors: false,
silly testEngine      serverjs: false },
silly testEngine   _id: 'express-mongoose@0.0.2',
silly testEngine   devDependencies: {},
silly testEngine   _engineSupported: true,
silly testEngine   _npmVersion: '1.0.22',
silly testEngine   _nodeVersion: 'v0.4.10',
silly testEngine   _defaultsLoaded: true }
verbose caching /Users/michael/Programmierung/botliga/node_modules/express-mongoose/package.json
verbose loadDefaults express-mongoose@0.0.2
silly testEngine { name: 'express-namespace',
silly testEngine   description: 'Express namespaced routes extension',
silly testEngine   version: '0.0.3',
silly testEngine   author: 
silly testEngine    { name: 'TJ Holowaychuk',
silly testEngine      email: 'tj@vision-media.ca' },
silly testEngine   keywords: [ 'express' ],
silly testEngine   main: 'index',
silly testEngine   engines: { node: '>= 0.2.0' },
silly testEngine   _npmJsonOpts: 
silly testEngine    { file: '/Users/michael/Programmierung/botliga/node_modules/express-namespace/package.json',
silly testEngine      wscript: false,
silly testEngine      contributors: false,
silly testEngine      serverjs: false },
silly testEngine   _id: 'express-namespace@0.0.3',
silly testEngine   dependencies: {},
silly testEngine   devDependencies: {},
silly testEngine   _engineSupported: true,
silly testEngine   _npmVersion: '1.0.22',
silly testEngine   _nodeVersion: 'v0.4.10',
silly testEngine   _defaultsLoaded: true }
verbose caching /Users/michael/Programmierung/botliga/node_modules/express-namespace/package.json
verbose loadDefaults express-namespace@0.0.3
silly testEngine { name: 'jade',
silly testEngine   description: 'Jade template engine',
silly testEngine   version: '0.12.4',
silly testEngine   author: 
silly testEngine    { name: 'TJ Holowaychuk',
silly testEngine      email: 'tj@vision-media.ca' },
silly testEngine   repository: 
silly testEngine    { type: 'git',
silly testEngine      url: 'git://github.com/visionmedia/jade.git' },
silly testEngine   main: './index.js',
silly testEngine   bin: { jade: './bin/jade' },
silly testEngine   devDependencies: 
silly testEngine    { expresso: '0.6.4',
silly testEngine      'coffee-script': '>= 0.0.1',
silly testEngine      sass: '>= 0.0.1',
silly testEngine      less: '>= 0.0.1',
silly testEngine      markdown: '>= 0.0.1',
silly testEngine      stylus: '>= 0.0.1' },
silly testEngine   scripts: { prepublish: 'npm prune' },
silly testEngine   engines: { node: '>= 0.1.98' },
silly testEngine   _npmJsonOpts: 
silly testEngine    { file: '/Users/michael/Programmierung/botliga/node_modules/jade/package.json',
silly testEngine      wscript: false,
silly testEngine      contributors: false,
silly testEngine      serverjs: false },
silly testEngine   _id: 'jade@0.12.4',
silly testEngine   dependencies: {},
silly testEngine   _engineSupported: true,
silly testEngine   _npmVersion: '1.0.22',
silly testEngine   _nodeVersion: 'v0.4.10',
silly testEngine   _defaultsLoaded: true }
verbose caching /Users/michael/Programmierung/botliga/node_modules/jade/package.json
verbose loadDefaults jade@0.12.4
silly testEngine { name: 'mongoose',
silly testEngine   description: 'Mongoose MongoDB ORM',
silly testEngine   version: '1.4.0',
silly testEngine   author: 
silly testEngine    { name: 'Guillermo Rauch',
silly testEngine      email: 'guillermo@learnboost.com' },
silly testEngine   keywords: 
silly testEngine    [ 'mongodb',
silly testEngine      'mongoose',
silly testEngine      'orm',
silly testEngine      'data',
silly testEngine      'datastore',
silly testEngine      'nosql' ],
silly testEngine   dependencies: { hooks: '0.1.7' },
silly testEngine   devDependencies: { should: '>=0.2.1' },
silly testEngine   directories: { lib: './lib/mongoose' },
silly testEngine   scripts: { test: 'make test' },
silly testEngine   main: './index.js',
silly testEngine   engines: { node: '>= 0.2.0' },
silly testEngine   repository: 
silly testEngine    { type: 'git',
silly testEngine      url: 'git://github.com/LearnBoost/mongoose.git' },
silly testEngine   _npmJsonOpts: 
silly testEngine    { file: '/Users/michael/Programmierung/botliga/node_modules/mongoose/package.json',
silly testEngine      wscript: false,
silly testEngine      contributors: false,
silly testEngine      serverjs: false },
silly testEngine   _id: 'mongoose@1.4.0',
silly testEngine   _engineSupported: true,
silly testEngine   _npmVersion: '1.0.22',
silly testEngine   _nodeVersion: 'v0.4.10',
silly testEngine   _defaultsLoaded: true }
verbose caching /Users/michael/Programmierung/botliga/node_modules/mongoose/package.json
verbose loadDefaults mongoose@1.4.0
silly testEngine { name: 'mongoose-auth',
silly testEngine   description: 'User authentication plugin for mongoose node.js orm',
silly testEngine   version: '0.0.10',
silly testEngine   homepage: 'https://github.com/bnoguchi/mongoose-auth/',
silly testEngine   repository: 
silly testEngine    { type: 'git',
silly testEngine      url: 'git://github.com/bnoguchi/mongoose-auth.git' },
silly testEngine   author: 
silly testEngine    { name: 'Brian Noguchi',
silly testEngine      email: 'brian.noguchi@gmail.com',
silly testEngine      url: 'https://github.com/bnoguchi/' },
silly testEngine   main: './index.js',
silly testEngine   directories: { lib: '.' },
silly testEngine   dependencies: 
silly testEngine    { bcrypt: '>=0.2.0',
silly testEngine      mongoose: '>=1.3.7',
silly testEngine      everyauth: '>=0.2.5',
silly testEngine      'mongoose-types': '>=1.0.3' },
silly testEngine   devDependencies: { express: '>=2.3.2', jade: '>=0.12.1' },
silly testEngine   engines: { node: '>=0.4.x' },
silly testEngine   _npmJsonOpts: 
silly testEngine    { file: '/Users/michael/Programmierung/botliga/node_modules/mongoose-auth/package.json',
silly testEngine      wscript: false,
silly testEngine      contributors: false,
silly testEngine      serverjs: false },
silly testEngine   _id: 'mongoose-auth@0.0.10',
silly testEngine   _engineSupported: true,
silly testEngine   _npmVersion: '1.0.22',
silly testEngine   _nodeVersion: 'v0.4.10',
silly testEngine   _defaultsLoaded: true }
verbose caching /Users/michael/Programmierung/botliga/node_modules/mongoose-auth/package.json
verbose loadDefaults mongoose-auth@0.0.10
silly testEngine { name: 'narrow',
silly testEngine   description: 'Library shrinks a given callback parallel execution concurrency in a limited number of threads, receiving the bunch of data (array of tasks).',
silly testEngine   version: '0.0.1',
silly testEngine   url: 'http://github.com/0ctave/node-narrow',
silly testEngine   author: { name: 'Yuriy Bogdanov', email: 'chinsay@gmail.com' },
silly testEngine   main: 'lib/narrow',
silly testEngine   engines: { node: '>=0.3.6' },
silly testEngine   dependencies: {},
silly testEngine   _npmJsonOpts: 
silly testEngine    { file: '/Users/michael/Programmierung/botliga/node_modules/narrow/package.json',
silly testEngine      wscript: false,
silly testEngine      contributors: false,
silly testEngine      serverjs: false },
silly testEngine   _id: 'narrow@v0.0.1',
silly testEngine   devDependencies: {},
silly testEngine   _engineSupported: true,
silly testEngine   _npmVersion: '1.0.22',
silly testEngine   _nodeVersion: 'v0.4.10',
silly testEngine   _defaultsLoaded: true }
verbose caching /Users/michael/Programmierung/botliga/node_modules/narrow/package.json
verbose loadDefaults narrow@v0.0.1
silly testEngine { name: 'nib',
silly testEngine   description: 'Stylus mixins and utilities',
silly testEngine   version: '0.0.8',
silly testEngine   repository: 
silly testEngine    { type: 'git',
silly testEngine      url: 'git://github.com/visionmedia/tablet.git' },
silly testEngine   devDependencies: 
silly testEngine    { connect: '1.4.1',
silly testEngine      jade: '0.11.0',
silly testEngine      stylus: '0.13.x',
silly testEngine      canvas: '>= 0.0.1' },
silly testEngine   author: 
silly testEngine    { name: 'TJ Holowaychuk',
silly testEngine      email: 'tj@vision-media.ca' },
silly testEngine   main: 'lib/nib.js',
silly testEngine   engines: { node: '*' },
silly testEngine   _npmJsonOpts: 
silly testEngine    { file: '/Users/michael/Programmierung/botliga/node_modules/nib/package.json',
silly testEngine      wscript: false,
silly testEngine      contributors: false,
silly testEngine      serverjs: false },
silly testEngine   _id: 'nib@0.0.8',
silly testEngine   dependencies: {},
silly testEngine   _engineSupported: true,
silly testEngine   _npmVersion: '1.0.22',
silly testEngine   _nodeVersion: 'v0.4.10',
silly testEngine   _defaultsLoaded: true }
verbose caching /Users/michael/Programmierung/botliga/node_modules/nib/package.json
verbose loadDefaults nib@0.0.8
silly testEngine { name: 'restler',
silly testEngine   version: '0.2.1',
silly testEngine   description: 'An HTTP client library for node.js',
silly testEngine   contributors: [ { name: 'Dan Webb', email: 'dan@danwebb.net' } ],
silly testEngine   homepage: 'https://github.com/danwrong/restler',
silly testEngine   directories: { lib: './lib' },
silly testEngine   main: './lib/restler',
silly testEngine   engines: { node: '>= 0.3.7' },
silly testEngine   _npmJsonOpts: 
silly testEngine    { file: '/Users/michael/Programmierung/botliga/node_modules/restler/package.json',
silly testEngine      wscript: false,
silly testEngine      contributors: false,
silly testEngine      serverjs: false },
silly testEngine   _id: 'restler@0.2.1',
silly testEngine   dependencies: {},
silly testEngine   devDependencies: {},
silly testEngine   _engineSupported: true,
silly testEngine   _npmVersion: '1.0.22',
silly testEngine   _nodeVersion: 'v0.4.10',
silly testEngine   _defaultsLoaded: true }
verbose caching /Users/michael/Programmierung/botliga/node_modules/restler/package.json
verbose loadDefaults restler@0.2.1
silly testEngine { name: 'seq',
silly testEngine   version: '0.3.3',
silly testEngine   description: 'Chainable asynchronous flow control with sequential and parallel primitives and pipeline-style error handling',
silly testEngine   main: './index.js',
silly testEngine   repository: 
silly testEngine    { type: 'git',
silly testEngine      url: 'git://github.com/substack/node-seq.git' },
silly testEngine   dependencies: { chainsaw: '>=0.0.7 <0.1', hashish: '>=0.0.2 <0.1' },
silly testEngine   devDependencies: { expresso: '=0.7.x' },
silly testEngine   script: { test: 'expresso' },
silly testEngine   keywords: 
silly testEngine    [ 'flow-control',
silly testEngine      'flow',
silly testEngine      'control',
silly testEngine      'async',
silly testEngine      'asynchronous',
silly testEngine      'chain',
silly testEngine      'pipeline',
silly testEngine      'sequence',
silly testEngine      'sequential',
silly testEngine      'parallel',
silly testEngine      'error' ],
silly testEngine   author: 
silly testEngine    { name: 'James Halliday',
silly testEngine      email: 'mail@substack.net',
silly testEngine      url: 'http://substack.net' },
silly testEngine   license: 'MIT/X11',
silly testEngine   engine: { node: '>=0.4.0' },
silly testEngine   _npmJsonOpts: 
silly testEngine    { file: '/Users/michael/Programmierung/botliga/node_modules/seq/package.json',
silly testEngine      wscript: false,
silly testEngine      contributors: false,
silly testEngine      serverjs: false },
silly testEngine   _id: 'seq@0.3.3',
silly testEngine   engines: { node: '*' },
silly testEngine   _engineSupported: true,
silly testEngine   _npmVersion: '1.0.22',
silly testEngine   _nodeVersion: 'v0.4.10',
silly testEngine   _defaultsLoaded: true }
verbose caching /Users/michael/Programmierung/botliga/node_modules/seq/package.json
verbose loadDefaults seq@0.3.3
silly testEngine { name: 'stylus',
silly testEngine   description: 'Robust, expressive, and feature-rich CSS superset',
silly testEngine   version: '0.13.5',
silly testEngine   author: 
silly testEngine    { name: 'TJ Holowaychuk',
silly testEngine      email: 'tj@vision-media.ca' },
silly testEngine   keywords: 
silly testEngine    [ 'css',
silly testEngine      'parser',
silly testEngine      'style',
silly testEngine      'stylesheets',
silly testEngine      'jade',
silly testEngine      'language' ],
silly testEngine   repository: 
silly testEngine    { type: 'git',
silly testEngine      url: 'git://github.com/learnboost/stylus.git' },
silly testEngine   main: './index.js',
silly testEngine   engines: { node: '>= 0.2.4' },
silly testEngine   bin: { stylus: './bin/stylus' },
silly testEngine   scripts: { prepublish: 'npm prune' },
silly testEngine   dependencies: { cssom: '0.2.0', growl: '1.1.0' },
silly testEngine   _npmJsonOpts: 
silly testEngine    { file: '/Users/michael/Programmierung/botliga/node_modules/stylus/package.json',
silly testEngine      wscript: false,
silly testEngine      contributors: false,
silly testEngine      serverjs: false },
silly testEngine   _id: 'stylus@0.13.5',
silly testEngine   devDependencies: {},
silly testEngine   _engineSupported: true,
silly testEngine   _npmVersion: '1.0.22',
silly testEngine   _nodeVersion: 'v0.4.10',
silly testEngine   _defaultsLoaded: true }
verbose caching /Users/michael/Programmierung/botliga/node_modules/stylus/package.json
verbose loadDefaults stylus@0.13.5
silly testEngine { name: 'underscore',
silly testEngine   description: 'JavaScript\'s functional programming helper library.',
silly testEngine   homepage: 'http://documentcloud.github.com/underscore/',
silly testEngine   keywords: [ 'util', 'functional', 'server', 'client', 'browser' ],
silly testEngine   author: 
silly testEngine    { name: 'Jeremy Ashkenas',
silly testEngine      email: 'jeremy@documentcloud.org' },
silly testEngine   contributors: [],
silly testEngine   dependencies: {},
silly testEngine   repository: 
silly testEngine    { type: 'git',
silly testEngine      url: 'git://github.com/documentcloud/underscore.git' },
silly testEngine   main: 'underscore.js',
silly testEngine   version: '1.1.6',
silly testEngine   _npmJsonOpts: 
silly testEngine    { file: '/Users/michael/Programmierung/botliga/node_modules/underscore/package.json',
silly testEngine      wscript: false,
silly testEngine      contributors: false,
silly testEngine      serverjs: false },
silly testEngine   _id: 'underscore@1.1.6',
silly testEngine   devDependencies: {},
silly testEngine   engines: { node: '*' },
silly testEngine   _engineSupported: true,
silly testEngine   _npmVersion: '1.0.22',
silly testEngine   _nodeVersion: 'v0.4.10',
silly testEngine   _defaultsLoaded: true }
verbose caching /Users/michael/Programmierung/botliga/node_modules/underscore/package.json
verbose loadDefaults underscore@1.1.6
silly testEngine { name: 'uuid-pure',
silly testEngine   author: 
silly testEngine    { name: 'Aaron Blohowiak',
silly testEngine      email: 'aaron.blohowiak@gmail.com' },
silly testEngine   description: 'Random ID generator.  NOT RFC COMPLIANT!! (see: node-uuid)',
silly testEngine   keywords: [ 'uuid', 'random id' ],
silly testEngine   version: '1.0.10',
silly testEngine   homepage: 'http://github.com/aaronblohowiak/Random-ID',
silly testEngine   repository: 
silly testEngine    { type: 'git',
silly testEngine      url: 'git://github.com/aaronblohowiak/Random-ID.git' },
silly testEngine   scripts: { test: 'expresso' },
silly testEngine   devDependencies: { expresso: '0.7.0' },
silly testEngine   main: './uuid.js',
silly testEngine   _npmJsonOpts: 
silly testEngine    { file: '/Users/michael/Programmierung/botliga/node_modules/uuid-pure/package.json',
silly testEngine      wscript: false,
silly testEngine      contributors: false,
silly testEngine      serverjs: false },
silly testEngine   _id: 'uuid-pure@1.0.10',
silly testEngine   dependencies: {},
silly testEngine   engines: { node: '*' },
silly testEngine   _engineSupported: true,
silly testEngine   _npmVersion: '1.0.22',
silly testEngine   _nodeVersion: 'v0.4.10',
silly testEngine   _defaultsLoaded: true }
verbose caching /Users/michael/Programmierung/botliga/node_modules/uuid-pure/package.json
verbose loadDefaults uuid-pure@1.0.10
silly testEngine { name: 'vows',
silly testEngine   description: 'Asynchronous BDD & continuous integration for node.js',
silly testEngine   url: 'http://vowsjs.org',
silly testEngine   keywords: [ 'testing', 'spec', 'test', 'BDD' ],
silly testEngine   author: 
silly testEngine    { name: 'Alexis Sellier',
silly testEngine      email: 'self@cloudhead.net' },
silly testEngine   contributors: [],
silly testEngine   dependencies: { eyes: '>=0.1.6' },
silly testEngine   main: './lib/vows',
silly testEngine   bin: { vows: './bin/vows' },
silly testEngine   directories: { test: './test' },
silly testEngine   version: '0.5.8',
silly testEngine   engines: { node: '>=0.2.6' },
silly testEngine   _npmJsonOpts: 
silly testEngine    { file: '/Users/michael/Programmierung/botliga/node_modules/vows/package.json',
silly testEngine      wscript: false,
silly testEngine      contributors: false,
silly testEngine      serverjs: false },
silly testEngine   _id: 'vows@0.5.8',
silly testEngine   devDependencies: {},
silly testEngine   _engineSupported: true,
silly testEngine   _npmVersion: '1.0.22',
silly testEngine   _nodeVersion: 'v0.4.10',
silly testEngine   _defaultsLoaded: true }
verbose caching /Users/michael/Programmierung/botliga/node_modules/vows/package.json
verbose loadDefaults vows@0.5.8
verbose from cache /Users/michael/Programmierung/botliga/package.json
verbose into /Users/michael/Programmierung/botliga [ 'jade@>= 0.12.1',
verbose into /Users/michael/Programmierung/botliga   'express@>= 2.3.11',
verbose into /Users/michael/Programmierung/botliga   'express-namespace@>= 0.0.3',
verbose into /Users/michael/Programmierung/botliga   'vows@>= 0.5.8',
verbose into /Users/michael/Programmierung/botliga   'mongoose@1.4.0',
verbose into /Users/michael/Programmierung/botliga   'express-mongoose@>= 0.0.2',
verbose into /Users/michael/Programmierung/botliga   'restler@>= 0.2.1',
verbose into /Users/michael/Programmierung/botliga   'underscore@>= 1.1.6',
verbose into /Users/michael/Programmierung/botliga   'coffee-script@>= 1.1.1',
verbose into /Users/michael/Programmierung/botliga   'seq@>= 0.3.2',
verbose into /Users/michael/Programmierung/botliga   'mongoose-auth@>= 0.0.10',
verbose into /Users/michael/Programmierung/botliga   'stylus@>= 0.13.3',
verbose into /Users/michael/Programmierung/botliga   'nib@>= 0.0.8',
verbose into /Users/michael/Programmierung/botliga   'uuid-pure@>= 1.0.10',
verbose into /Users/michael/Programmierung/botliga   'date-utils@>= 1.2.0',
verbose into /Users/michael/Programmierung/botliga   'narrow@>= 0.0.1',
verbose into /Users/michael/Programmierung/botliga   'at_scheduler@0.1.0' ]
verbose from cache /Users/michael/Programmierung/botliga/node_modules/coffee-script/package.json
verbose from cache /Users/michael/Programmierung/botliga/node_modules/date-utils/package.json
verbose from cache /Users/michael/Programmierung/botliga/node_modules/express/package.json
verbose from cache /Users/michael/Programmierung/botliga/node_modules/express-mongoose/package.json
verbose from cache /Users/michael/Programmierung/botliga/node_modules/express-namespace/package.json
verbose from cache /Users/michael/Programmierung/botliga/node_modules/jade/package.json
verbose from cache /Users/michael/Programmierung/botliga/node_modules/mongoose/package.json
verbose from cache /Users/michael/Programmierung/botliga/node_modules/mongoose-auth/package.json
verbose from cache /Users/michael/Programmierung/botliga/node_modules/narrow/package.json
verbose from cache /Users/michael/Programmierung/botliga/node_modules/nib/package.json
verbose from cache /Users/michael/Programmierung/botliga/node_modules/restler/package.json
verbose from cache /Users/michael/Programmierung/botliga/node_modules/seq/package.json
verbose from cache /Users/michael/Programmierung/botliga/node_modules/stylus/package.json
verbose from cache /Users/michael/Programmierung/botliga/node_modules/underscore/package.json
verbose from cache /Users/michael/Programmierung/botliga/node_modules/uuid-pure/package.json
verbose from cache /Users/michael/Programmierung/botliga/node_modules/vows/package.json
verbose already installed in /Users/michael/Programmierung/botliga skipping vows@>= 0.5.8
verbose already installed in /Users/michael/Programmierung/botliga skipping mongoose@1.4.0
verbose already installed in /Users/michael/Programmierung/botliga skipping express-mongoose@>= 0.0.2
verbose already installed in /Users/michael/Programmierung/botliga skipping restler@>= 0.2.1
verbose already installed in /Users/michael/Programmierung/botliga skipping underscore@>= 1.1.6
verbose already installed in /Users/michael/Programmierung/botliga skipping coffee-script@>= 1.1.1
verbose already installed in /Users/michael/Programmierung/botliga skipping seq@>= 0.3.2
verbose already installed in /Users/michael/Programmierung/botliga skipping mongoose-auth@>= 0.0.10
verbose already installed in /Users/michael/Programmierung/botliga skipping stylus@>= 0.13.3
verbose already installed in /Users/michael/Programmierung/botliga skipping nib@>= 0.0.8
verbose already installed in /Users/michael/Programmierung/botliga skipping uuid-pure@>= 1.0.10
verbose already installed in /Users/michael/Programmierung/botliga skipping date-utils@>= 1.2.0
verbose already installed in /Users/michael/Programmierung/botliga skipping narrow@>= 0.0.1
verbose cache add [ 'at_scheduler@0.1.0', null ]
info addNamed [ 'at_scheduler', '0.1.0' ]
verbose addNamed [ '0.1.0', '0.1.0' ]
verbose already installed in /Users/michael/Programmierung/botliga skipping jade@>= 0.12.1
verbose already installed in /Users/michael/Programmierung/botliga skipping express@>= 2.3.11
verbose already installed in /Users/michael/Programmierung/botliga skipping express-namespace@>= 0.0.3
verbose GET at_scheduler/0.1.0
verbose raw, before any munging at_scheduler/0.1.0
verbose url resolving [ 'https://registry.npmjs.org/',
verbose url resolving   './at_scheduler/0.1.0' ]
verbose url resolved https://registry.npmjs.org/at_scheduler/0.1.0
verbose url parsed { protocol: 'https:',
verbose url parsed   slashes: true,
verbose url parsed   host: 'registry.npmjs.org',
verbose url parsed   hostname: 'registry.npmjs.org',
verbose url parsed   href: 'https://registry.npmjs.org/at_scheduler/0.1.0',
verbose url parsed   pathname: '/at_scheduler/0.1.0' }
verbose response https://registry.npmjs.org/at_scheduler/0.1.0
silly chunk Internal routing error
silly chunk 
silly chunk Sorry, we cannot connect to the intended server.
silly chunk 
silly chunk We have just been notified of this problem. We will correct it as soon as possible.
silly chunk 
silly chunk Feel free to contact us if you have any questions: support@iriscouch.com
silly chunk 
verbose bad json Internal routing error
verbose bad json 
verbose bad json Sorry, we cannot connect to the intended server.
verbose bad json 
verbose bad json We have just been notified of this problem. We will correct it as soon as possible.
verbose bad json 
verbose bad json Feel free to contact us if you have any questions: support@iriscouch.com
verbose bad json 
ERR! registry error parsing json
silly get cb [ 500,
silly get cb   { 'content-type': 'text/plain',
silly get cb     'content-length': '239' } ]
ERR! SyntaxError: Unexpected token ILLEGAL
ERR! Internal routing error
ERR! 
ERR! Sorry, we cannot connect to the intended server.
ERR! 
ERR! We have just been notified of this problem. We will correct it as soon as possible.
ERR! 
ERR! Feel free to contact us if you have any questions: support@iriscouch.com
ERR!     at Object.parse (native)
ERR!     at IncomingMessage.<anonymous> (/usr/local/lib/node_modules/npm/lib/utils/npm-registry-client/request.js:163:25)
ERR!     at IncomingMessage.emit (events.js:81:20)
ERR!     at HTTPParser.onMessageComplete (http.js:133:23)
ERR!     at CleartextStream.ondata (http.js:1228:22)
ERR!     at CleartextStream._push (tls.js:303:27)
ERR!     at SecurePair.cycle (tls.js:577:20)
ERR!     at EncryptedStream.write (tls.js:96:13)
ERR!     at Socket.ondata (stream.js:36:26)
ERR!     at Socket.emit (events.js:64:17)
ERR! Report this *entire* log at:
ERR!     <http://github.com/isaacs/npm/issues>
ERR! or email it to:
ERR!     <npm-@googlegroups.com>
ERR! 
ERR! System Darwin 11.0.0
ERR! command "node" "/usr/local/bin/npm" "install" "."
ERR! cwd /Users/michael/Programmierung/botliga
ERR! node -v v0.4.10
ERR! npm -v 1.0.22
verbose exit [ 1, true ]
